<?xml version="1.0" encoding="UTF-8"?>
<persistence version="2.0" xmlns="http://java.sun.com/xml/ns/persistence" xmlns:xsi="http://www.w3.org/2001/XMLSchema-instance"
             xsi:schemaLocation="
        http://java.sun.com/xml/ns/persistence
        http://java.sun.com/xml/ns/persistence/persistence_2_0.xsd">
    <persistence-unit name="primary">
        <!-- In OpenShift it's standard name for myslq cartridge and it's already configured in standalone.xml -->
        <jta-data-source>java:jboss/datasources/ExampleDS</jta-data-source>

        <properties>
            <!-- Bean validation is used for validation and DDL as well -->
            <property name="javax.persistence.validation.mode" value="callback, ddl" />
            <!-- Properties for Hibernate -->
            <property name="hibernate.dialect" value="org.hibernate.dialect.H2Dialect" />
            <property name="hibernate.hbm2ddl.auto" value="update" />
            <property name="hibernate.show_sql" value="false" />
            <property name="hibernate.format_sql" value="false" />
        </properties>
    </persistence-unit>
</persistence>
